<?xml version="1.0" encoding="UTF-8"?>
<!-- Generated by org.testng.reporters.JUnitXMLReporter -->
<testsuite ignored="0" hostname="DESKTOP-7FVDITB" failures="1" tests="1" name="Surefire test" time="10.056" errors="0" timestamp="2024-01-31T08:44:08 CST">
  <testcase classname="io.cucumber.testng.AbstractTestNGCucumberTests" name="runScenario" time="9.117">
    <failure type="java.lang.AssertionError" message="expected [] but found [Incorrect email or password.]">
      <![CDATA[java.lang.AssertionError: expected [] but found [Incorrect email or password.]
at StepDefinitionImplementation.StepDefinition.Error_message_is_displayed(StepDefinition.java:62)
at âœ½."Incorrect email or password." message is displayed.(file:///C:/Users/skgan/eclipse-workspace/SeleniumMavenProject/src/test/java/CucumberJava/ErrorValidation.feature:12)
... Removed 6 stack frames]]>
    </failure>
  </testcase> <!-- runScenario -->
</testsuite> <!-- Surefire test -->
