<?xml version="1.0" encoding="UTF-8"?>
<!-- Generated by org.testng.reporters.JUnitReportReporter -->
<testsuite hostname="DESKTOP-7FVDITB" failures="1" tests="1" name="CucumberJava.TestNgRunner" time="9.117" errors="0" timestamp="2024-01-31T08:44:08 CST" skipped="0">
  <testcase classname="CucumberJava.TestNgRunner" name="runScenario" time="9.117">
    <failure message="expected [] but found [Incorrect email or password.]" type="java.lang.AssertionError">
      <![CDATA[java.lang.AssertionError: expected [] but found [Incorrect email or password.]
at org.testng.Assert.fail(Assert.java:111)
at org.testng.Assert.failNotEquals(Assert.java:1578)
at org.testng.Assert.assertEqualsImpl(Assert.java:150)
at org.testng.Assert.assertEquals(Assert.java:132)
at org.testng.Assert.assertEquals(Assert.java:656)
at org.testng.Assert.assertEquals(Assert.java:666)
at StepDefinitionImplementation.StepDefinition.Error_message_is_displayed(StepDefinition.java:62)
at âœ½."Incorrect email or password." message is displayed.(file:///C:/Users/skgan/eclipse-workspace/SeleniumMavenProject/src/test/java/CucumberJava/ErrorValidation.feature:12)
]]>
    </failure>
  </testcase> <!-- runScenario -->
</testsuite> <!-- CucumberJava.TestNgRunner -->
